{"meta": {"format": 2, "version": "7.4.3", "timestamp": "2024-03-12T18:05:18.379184", "branch_coverage": false, "show_contexts": false}, "files": {"eventPlanner/__init__.py": {"executed_lines": [1], "summary": {"covered_lines": 0, "num_statements": 0, "percent_covered": 100.0, "percent_covered_display": "100", "missing_lines": 0, "excluded_lines": 0}, "missing_lines": [], "excluded_lines": []}, "eventPlanner/settings.py": {"executed_lines": [1, 13, 14, 15, 16, 19, 20, 23, 30, 33, 35, 40, 51, 61, 63, 79, 84, 85, 111, 130, 132, 134, 136, 142, 143, 148], "summary": {"covered_lines": 25, "num_statements": 26, "percent_covered": 96.15384615384616, "percent_covered_display": "96", "missing_lines": 1, "excluded_lines": 0}, "missing_lines": [96], "excluded_lines": []}, "eventPlanner/urls.py": {"executed_lines": [1, 18, 19, 20, 30, 36], "summary": {"covered_lines": 5, "num_statements": 5, "percent_covered": 100.0, "percent_covered_display": "100", "missing_lines": 0, "excluded_lines": 0}, "missing_lines": [], "excluded_lines": []}, "eventplannerdb/__init__.py": {"executed_lines": [1], "summary": {"covered_lines": 0, "num_statements": 0, "percent_covered": 100.0, "percent_covered_display": "100", "missing_lines": 0, "excluded_lines": 0}, "missing_lines": [], "excluded_lines": []}, "eventplannerdb/admin.py": {"executed_lines": [1, 2, 4, 5, 6, 7, 8, 9, 10], "summary": {"covered_lines": 9, "num_statements": 9, "percent_covered": 100.0, "percent_covered_display": "100", "missing_lines": 0, "excluded_lines": 0}, "missing_lines": [], "excluded_lines": []}, "eventplannerdb/apps.py": {"executed_lines": [1, 4, 5, 6], "summary": {"covered_lines": 4, "num_statements": 4, "percent_covered": 100.0, "percent_covered_display": "100", "missing_lines": 0, "excluded_lines": 0}, "missing_lines": [], "excluded_lines": []}, "eventplannerdb/forms.py": {"executed_lines": [2, 3, 6, 7, 8, 9], "summary": {"covered_lines": 6, "num_statements": 6, "percent_covered": 100.0, "percent_covered_display": "100", "missing_lines": 0, "excluded_lines": 0}, "missing_lines": [], "excluded_lines": []}, "eventplannerdb/migrations/0001_initial.py": {"executed_lines": [3, 4, 5, 8, 10, 12, 16], "summary": {"covered_lines": 7, "num_statements": 7, "percent_covered": 100.0, "percent_covered_display": "100", "missing_lines": 0, "excluded_lines": 0}, "missing_lines": [], "excluded_lines": []}, "eventplannerdb/migrations/0002_speaker_age.py": {"executed_lines": [3, 6, 8, 12], "summary": {"covered_lines": 4, "num_statements": 4, "percent_covered": 100.0, "percent_covered_display": "100", "missing_lines": 0, "excluded_lines": 0}, "missing_lines": [], "excluded_lines": []}, "eventplannerdb/migrations/0003_speaker_contactnumber_speaker_email_sponsor_website.py": {"executed_lines": [3, 6, 8, 12], "summary": {"covered_lines": 4, "num_statements": 4, "percent_covered": 100.0, "percent_covered_display": "100", "missing_lines": 0, "excluded_lines": 0}, "missing_lines": [], "excluded_lines": []}, "eventplannerdb/migrations/0004_remove_sponsor_logo_speaker_icon_sponsor_companylogo.py": {"executed_lines": [3, 6, 8, 12], "summary": {"covered_lines": 4, "num_statements": 4, "percent_covered": 100.0, "percent_covered_display": "100", "missing_lines": 0, "excluded_lines": 0}, "missing_lines": [], "excluded_lines": []}, "eventplannerdb/migrations/0005_event_registered_users.py": {"executed_lines": [3, 4, 7, 9, 14], "summary": {"covered_lines": 5, "num_statements": 5, "percent_covered": 100.0, "percent_covered_display": "100", "missing_lines": 0, "excluded_lines": 0}, "missing_lines": [], "excluded_lines": []}, "eventplannerdb/migrations/0006_event_checkedin_users_delete_usercheckin.py": {"executed_lines": [3, 4, 7, 9, 14], "summary": {"covered_lines": 5, "num_statements": 5, "percent_covered": 100.0, "percent_covered_display": "100", "missing_lines": 0, "excluded_lines": 0}, "missing_lines": [], "excluded_lines": []}, "eventplannerdb/migrations/0007_event_description.py": {"executed_lines": [3, 6, 8, 12], "summary": {"covered_lines": 4, "num_statements": 4, "percent_covered": 100.0, "percent_covered_display": "100", "missing_lines": 0, "excluded_lines": 0}, "missing_lines": [], "excluded_lines": []}, "eventplannerdb/migrations/0008_agenda_surveyquestion_surveyresponse_and_more.py": {"executed_lines": [3, 4, 5, 8, 10, 15], "summary": {"covered_lines": 6, "num_statements": 6, "percent_covered": 100.0, "percent_covered_display": "100", "missing_lines": 0, "excluded_lines": 0}, "missing_lines": [], "excluded_lines": []}, "eventplannerdb/migrations/__init__.py": {"executed_lines": [1], "summary": {"covered_lines": 0, "num_statements": 0, "percent_covered": 100.0, "percent_covered_display": "100", "missing_lines": 0, "excluded_lines": 0}, "missing_lines": [], "excluded_lines": []}, "eventplannerdb/models.py": {"executed_lines": [1, 2, 4, 13, 14, 15, 16, 17, 18, 19, 20, 21, 22, 25, 26, 27, 28, 29, 30, 31, 32, 33, 36, 37, 38, 39, 42, 43, 44, 45, 46, 49, 50, 51, 52, 53, 54, 57, 58, 59, 60, 63, 64, 65, 66], "summary": {"covered_lines": 45, "num_statements": 45, "percent_covered": 100.0, "percent_covered_display": "100", "missing_lines": 0, "excluded_lines": 0}, "missing_lines": [], "excluded_lines": []}, "eventplannerdb/views/auth/__init__.py": {"executed_lines": [1], "summary": {"covered_lines": 0, "num_statements": 0, "percent_covered": 100.0, "percent_covered_display": "100", "missing_lines": 0, "excluded_lines": 0}, "missing_lines": [], "excluded_lines": []}, "eventplannerdb/views/auth/auth_views.py": {"executed_lines": [1, 2, 3, 4, 7, 8, 16, 25, 26, 31, 32, 36], "summary": {"covered_lines": 12, "num_statements": 32, "percent_covered": 37.5, "percent_covered_display": "38", "missing_lines": 20, "excluded_lines": 0}, "missing_lines": [9, 11, 13, 14, 17, 18, 19, 20, 21, 22, 27, 28, 33, 34, 37, 38, 39, 40, 41, 42], "excluded_lines": []}, "eventplannerdb/views/events/__init__.py": {"executed_lines": [1], "summary": {"covered_lines": 0, "num_statements": 0, "percent_covered": 100.0, "percent_covered_display": "100", "missing_lines": 0, "excluded_lines": 0}, "missing_lines": [], "excluded_lines": []}, "eventplannerdb/views/events/event_views.py": {"executed_lines": [1, 2, 3, 4, 5, 8, 9, 13, 14, 15, 17, 22, 24, 25, 27, 29, 31, 35, 36, 37, 40, 41, 45, 46, 47, 50, 51, 52, 54, 55, 56, 58, 61, 62, 63, 65, 66, 68, 71, 73, 76, 77, 78, 80, 81, 82, 84, 87, 88, 89, 90, 93, 94, 95, 96, 97, 100, 101, 102, 103, 104], "summary": {"covered_lines": 59, "num_statements": 60, "percent_covered": 98.33333333333333, "percent_covered_display": "98", "missing_lines": 1, "excluded_lines": 0}, "missing_lines": [69], "excluded_lines": []}, "manage.py": {"executed_lines": [2, 3, 4, 7, 9, 10, 11, 18, 21, 22], "summary": {"covered_lines": 10, "num_statements": 12, "percent_covered": 83.33333333333333, "percent_covered_display": "83", "missing_lines": 2, "excluded_lines": 0}, "missing_lines": [12, 13], "excluded_lines": []}, "tests/__init__.py": {"executed_lines": [1], "summary": {"covered_lines": 0, "num_statements": 0, "percent_covered": 100.0, "percent_covered_display": "100", "missing_lines": 0, "excluded_lines": 0}, "missing_lines": [], "excluded_lines": []}, "tests/test_event_views.py": {"executed_lines": [1, 2, 3, 4, 7, 8, 9, 11, 12, 13, 14, 16, 17, 23, 24, 25, 27, 28, 34, 35, 36, 39, 40, 41, 47, 49, 50, 51, 52, 55, 56, 57, 63, 64, 66, 67, 68, 69, 72, 75, 76, 77, 83, 84, 85, 87, 88, 89, 90, 93, 96, 97, 98, 104, 105, 106, 108, 109, 110, 111, 114], "summary": {"covered_lines": 61, "num_statements": 61, "percent_covered": 100.0, "percent_covered_display": "100", "missing_lines": 0, "excluded_lines": 0}, "missing_lines": [], "excluded_lines": []}}, "totals": {"covered_lines": 275, "num_statements": 299, "percent_covered": 91.97324414715719, "percent_covered_display": "92", "missing_lines": 24, "excluded_lines": 0}}